[debug] [2025-07-21T09:21:39.000Z] ----------------------------------------------------------------------
[debug] [2025-07-21T09:21:39.003Z] Command:       /usr/bin/node /usr/local/bin/firebase init
[debug] [2025-07-21T09:21:39.004Z] CLI Version:   13.35.1
[debug] [2025-07-21T09:21:39.004Z] Platform:      linux
[debug] [2025-07-21T09:21:39.005Z] Node Version:  v18.19.0
[debug] [2025-07-21T09:21:39.005Z] Time:          Mon Jul 21 2025 14:51:39 GMT+0530 (India Standard Time)
[debug] [2025-07-21T09:21:39.006Z] ----------------------------------------------------------------------
[debug] 
[debug] [2025-07-21T09:21:39.013Z] > command requires scopes: ["email","openid","https://www.googleapis.com/auth/cloudplatformprojects.readonly","https://www.googleapis.com/auth/firebase","https://www.googleapis.com/auth/cloud-platform"]
[debug] [2025-07-21T09:21:39.014Z] > authorizing via signed-in user (saikiran.pgrrcde@gmail.com)
[info] 
     ######## #### ########  ######## ########     ###     ######  ########
     ##        ##  ##     ## ##       ##     ##  ##   ##  ##       ##
     ######    ##  ########  ######   ########  #########  ######  ######
     ##        ##  ##    ##  ##       ##     ## ##     ##       ## ##
     ##       #### ##     ## ######## ########  ##     ##  ######  ########

You're about to initialize a Firebase project in this directory:

  /home/vini/PycharmProjects/WeddingInvitation

[debug] [2025-07-21T09:24:55.088Z] Error: Timed out.
    at Timeout._onTimeout (/usr/local/lib/node_modules/firebase-tools/lib/utils.js:269:49)
    at listOnTimeout (node:internal/timers:569:17)
    at process.processTimers (node:internal/timers:512:7)
[error] 
[error] Error: An unexpected error has occurred.
[debug] [2025-07-21T09:25:02.340Z] ----------------------------------------------------------------------
[debug] [2025-07-21T09:25:02.343Z] Command:       /usr/bin/node /usr/local/bin/firebase init
[debug] [2025-07-21T09:25:02.344Z] CLI Version:   13.35.1
[debug] [2025-07-21T09:25:02.344Z] Platform:      linux
[debug] [2025-07-21T09:25:02.344Z] Node Version:  v18.19.0
[debug] [2025-07-21T09:25:02.345Z] Time:          Mon Jul 21 2025 14:55:02 GMT+0530 (India Standard Time)
[debug] [2025-07-21T09:25:02.345Z] ----------------------------------------------------------------------
[debug] 
[debug] [2025-07-21T09:25:02.352Z] > command requires scopes: ["email","openid","https://www.googleapis.com/auth/cloudplatformprojects.readonly","https://www.googleapis.com/auth/firebase","https://www.googleapis.com/auth/cloud-platform"]
[debug] [2025-07-21T09:25:02.353Z] > authorizing via signed-in user (saikiran.pgrrcde@gmail.com)
[info] 
     ######## #### ########  ######## ########     ###     ######  ########
     ##        ##  ##     ## ##       ##     ##  ##   ##  ##       ##
     ######    ##  ########  ######   ########  #########  ######  ######
     ##        ##  ##    ##  ##       ##     ## ##     ##       ## ##
     ##       #### ##     ## ######## ########  ##     ##  ######  ########

You're about to initialize a Firebase project in this directory:

  /home/vini/PycharmProjects/WeddingInvitation

[info] 
=== Project Setup
[info] 
[info] First, let's associate this project directory with a Firebase project.
[info] You can create multiple project aliases by running firebase use --add, 
[info] but for now we'll just set up a default project.
[info] 
[debug] [2025-07-21T09:25:51.483Z] Checked if tokens are valid: true, expires at: 1753093252818
[debug] [2025-07-21T09:25:51.483Z] Checked if tokens are valid: true, expires at: 1753093252818
[debug] [2025-07-21T09:25:51.486Z] >>> [apiv2][query] GET https://firebase.googleapis.com/v1beta1/projects pageSize=100
[debug] [2025-07-21T09:25:58.083Z] <<< [apiv2][status] GET https://firebase.googleapis.com/v1beta1/projects 200
[debug] [2025-07-21T09:25:58.083Z] <<< [apiv2][body] GET https://firebase.googleapis.com/v1beta1/projects [omitted]
[info] i  Using project sunil-priyanka (Sunil-Priyanka) 
[info] 
=== Hosting Setup
[debug] [2025-07-21T09:26:04.597Z] Checked if tokens are valid: true, expires at: 1753093252818
[debug] [2025-07-21T09:26:04.597Z] Checked if tokens are valid: true, expires at: 1753093252818
[debug] [2025-07-21T09:26:04.597Z] >>> [apiv2][query] GET https://firebase.googleapis.com/v1beta1/projects/sunil-priyanka [none]
[debug] [2025-07-21T09:26:09.985Z] <<< [apiv2][status] GET https://firebase.googleapis.com/v1beta1/projects/sunil-priyanka 200
[debug] [2025-07-21T09:26:09.985Z] <<< [apiv2][body] GET https://firebase.googleapis.com/v1beta1/projects/sunil-priyanka {"projectId":"sunil-priyanka","projectNumber":"750288141466","displayName":"Sunil-Priyanka","name":"projects/sunil-priyanka","resources":{"hostingSite":"sunil-priyanka"},"state":"ACTIVE","etag":"1_2872f5ea-c6e6-4e75-9680-0f122358fe65"}
[info] 
[info] Your public directory is the folder (relative to your project directory) that
[info] will contain Hosting assets to be uploaded with firebase deploy. If you
[info] have a build process for your assets, use your build's output directory.
[info] 
